[INFO] [2016-04-11 02:38:17][org.springframework.context.support.GenericApplicationContext]Refreshing org.springframework.context.support.GenericApplicationContext@695b2fd8: startup date [Mon Apr 11 02:38:17 CST 2016]; root of context hierarchy
  [INFO] [2016-04-11 02:38:17][org.springframework.beans.factory.config.PropertyPlaceholderConfigurer]Loading properties file from class path resource [jdbc.properties]
  [INFO] [2016-04-11 02:38:17][org.springframework.beans.factory.annotation.AutowiredAnnotationBeanPostProcessor]JSR-330 'javax.inject.Inject' annotation found and supported for autowiring
  [INFO] [2016-04-11 02:38:18][org.springframework.web.servlet.mvc.method.annotation.RequestMappingHandlerMapping]Mapped "{[/helloworld/student/id/{id}/password/{password}],methods=[GET],params=[],headers=[],consumes=[],produces=[],custom=[]}" onto public org.luojj.model.Student org.luojj.controller.HelloWorldController.toIndex(java.lang.String,java.lang.String)
  [INFO] [2016-04-11 02:38:18][org.springframework.web.servlet.mvc.method.annotation.RequestMappingHandlerMapping]Mapped "{[/helloworld/indexx],methods=[],params=[],headers=[],consumes=[],produces=[],custom=[]}" onto public void org.luojj.controller.HelloWorldController.test()
  [INFO] [2016-04-11 02:38:18][org.springframework.web.servlet.mvc.method.annotation.RequestMappingHandlerMapping]Mapped "{[/register/phoneNumber/{phoneNumber}/loginPassword/{loginPassword}],methods=[GET],params=[],headers=[],consumes=[],produces=[],custom=[]}" onto public boolean org.luojj.controller.UserController.register(java.lang.String,java.lang.String)
  [INFO] [2016-04-11 02:38:18][org.springframework.web.servlet.mvc.method.annotation.RequestMappingHandlerMapping]Mapped "{[/login/phoneNumber/{phoneNumber}/loginPassword/{loginPassword}],methods=[GET],params=[],headers=[],consumes=[],produces=[],custom=[]}" onto public org.luojj.model.User org.luojj.controller.UserController.login(java.lang.String,java.lang.String)
  [INFO] [2016-04-11 02:38:20][org.luojj.test.TestMybatis]{"gender":"男","id":1,"name":"张三"}
  [INFO] [2016-04-11 02:38:20][org.luojj.test.TestMybatis]{"loginPassword":"123","phoneNumber":"13800138000","userId":1,"userName":"张三"}
  [INFO] [2016-04-11 02:38:20][org.springframework.context.support.GenericApplicationContext]Closing org.springframework.context.support.GenericApplicationContext@695b2fd8: startup date [Mon Apr 11 02:38:17 CST 2016]; root of context hierarchy
  [INFO] [2016-04-11 03:03:08][org.springframework.beans.factory.xml.XmlBeanDefinitionReader]Loading XML bean definitions from URL [file:/C:/Users/lenovo/git/test333/test333/target/classes/spring-mybatis.xml]
  [INFO] [2016-04-11 03:03:08][org.springframework.context.support.GenericApplicationContext]Refreshing org.springframework.context.support.GenericApplicationContext@61a243f1: startup date [Mon Apr 11 03:03:08 CST 2016]; root of context hierarchy
  [INFO] [2016-04-11 03:03:08][org.springframework.beans.factory.config.PropertyPlaceholderConfigurer]Loading properties file from class path resource [jdbc.properties]
  [INFO] [2016-04-11 03:03:08][org.springframework.beans.factory.annotation.AutowiredAnnotationBeanPostProcessor]JSR-330 'javax.inject.Inject' annotation found and supported for autowiring
  [INFO] [2016-04-11 03:03:09][org.springframework.web.servlet.mvc.method.annotation.RequestMappingHandlerMapping]Mapped "{[/helloworld/indexx],methods=[],params=[],headers=[],consumes=[],produces=[],custom=[]}" onto public void org.luojj.controller.HelloWorldController.test()
  [INFO] [2016-04-11 03:03:09][org.springframework.web.servlet.mvc.method.annotation.RequestMappingHandlerMapping]Mapped "{[/helloworld/student/id/{id}/password/{password}],methods=[GET],params=[],headers=[],consumes=[],produces=[],custom=[]}" onto public org.luojj.model.Student org.luojj.controller.HelloWorldController.toIndex(java.lang.String,java.lang.String)
  [INFO] [2016-04-11 03:03:09][org.springframework.web.servlet.mvc.method.annotation.RequestMappingHandlerMapping]Mapped "{[/register/phoneNumber/{phoneNumber}/loginPassword/{loginPassword}],methods=[GET],params=[],headers=[],consumes=[],produces=[],custom=[]}" onto public boolean org.luojj.controller.UserController.register(java.lang.String,java.lang.String)
  [INFO] [2016-04-11 03:03:09][org.springframework.web.servlet.mvc.method.annotation.RequestMappingHandlerMapping]Mapped "{[/login/phoneNumber/{phoneNumber}/loginPassword/{loginPassword}],methods=[GET],params=[],headers=[],consumes=[],produces=[],custom=[]}" onto public org.luojj.model.User org.luojj.controller.UserController.login(java.lang.String,java.lang.String)
  [INFO] [2016-04-11 03:03:11][org.luojj.test.TestMybatis]{"gender":"男","id":1,"name":"张三"}
  [INFO] [2016-04-11 03:03:11][org.luojj.test.TestMybatis]{"loginPassword":"123","phoneNumber":"13800138000","userId":1,"userName":"张三"}
  [INFO] [2016-04-11 03:03:11][org.springframework.context.support.GenericApplicationContext]Closing org.springframework.context.support.GenericApplicationContext@61a243f1: startup date [Mon Apr 11 03:03:08 CST 2016]; root of context hierarchy
  [INFO] [2016-04-11 03:19:00][org.springframework.beans.factory.xml.XmlBeanDefinitionReader]Loading XML bean definitions from URL [file:/C:/Users/lenovo/git/test333/test333/target/classes/spring-mybatis.xml]
  [INFO] [2016-04-11 03:19:00][org.springframework.context.support.GenericApplicationContext]Refreshing org.springframework.context.support.GenericApplicationContext@641ab54a: startup date [Mon Apr 11 03:19:00 CST 2016]; root of context hierarchy
  [INFO] [2016-04-11 03:19:00][org.springframework.beans.factory.config.PropertyPlaceholderConfigurer]Loading properties file from class path resource [jdbc.properties]
  [INFO] [2016-04-11 03:19:00][org.springframework.beans.factory.annotation.AutowiredAnnotationBeanPostProcessor]JSR-330 'javax.inject.Inject' annotation found and supported for autowiring
  [INFO] [2016-04-11 03:19:01][org.springframework.web.servlet.mvc.method.annotation.RequestMappingHandlerMapping]Mapped "{[/helloworld/indexx],methods=[],params=[],headers=[],consumes=[],produces=[],custom=[]}" onto public void org.luojj.controller.HelloWorldController.test()
  [INFO] [2016-04-11 03:19:01][org.springframework.web.servlet.mvc.method.annotation.RequestMappingHandlerMapping]Mapped "{[/helloworld/student/id/{id}/password/{password}],methods=[GET],params=[],headers=[],consumes=[],produces=[],custom=[]}" onto public org.luojj.model.Student org.luojj.controller.HelloWorldController.toIndex(java.lang.String,java.lang.String)
  [INFO] [2016-04-11 03:19:01][org.springframework.web.servlet.mvc.method.annotation.RequestMappingHandlerMapping]Mapped "{[/register/phoneNumber/{phoneNumber}/loginPassword/{loginPassword}],methods=[GET],params=[],headers=[],consumes=[],produces=[],custom=[]}" onto public boolean org.luojj.controller.UserController.register(java.lang.String,java.lang.String)
  [INFO] [2016-04-11 03:19:01][org.springframework.web.servlet.mvc.method.annotation.RequestMappingHandlerMapping]Mapped "{[/login/phoneNumber/{phoneNumber}/loginPassword/{loginPassword}],methods=[GET],params=[],headers=[],consumes=[],produces=[],custom=[]}" onto public org.luojj.model.User org.luojj.controller.UserController.login(java.lang.String,java.lang.String)
  [INFO] [2016-04-11 03:19:03][org.luojj.test.TestMybatis]{"gender":"男","id":1,"name":"张三"}
  [INFO] [2016-04-11 03:19:03][org.luojj.test.TestMybatis]{"loginPassword":"123","phoneNumber":"13800138000","userId":1,"userName":"张三"}
  [INFO] [2016-04-11 03:19:03][org.springframework.context.support.GenericApplicationContext]Closing org.springframework.context.support.GenericApplicationContext@641ab54a: startup date [Mon Apr 11 03:19:00 CST 2016]; root of context hierarchy
  [INFO] [2016-04-11 03:25:36][org.springframework.beans.factory.xml.XmlBeanDefinitionReader]Loading XML bean definitions from URL [file:/C:/Users/lenovo/git/test333/test333/target/classes/spring-mybatis.xml]
  [INFO] [2016-04-11 03:25:37][org.springframework.context.support.GenericApplicationContext]Refreshing org.springframework.context.support.GenericApplicationContext@61a243f1: startup date [Mon Apr 11 03:25:37 CST 2016]; root of context hierarchy
  [INFO] [2016-04-11 03:25:37][org.springframework.beans.factory.config.PropertyPlaceholderConfigurer]Loading properties file from class path resource [jdbc.properties]
  [INFO] [2016-04-11 03:25:37][org.springframework.beans.factory.annotation.AutowiredAnnotationBeanPostProcessor]JSR-330 'javax.inject.Inject' annotation found and supported for autowiring
  [INFO] [2016-04-11 03:25:38][org.springframework.web.servlet.mvc.method.annotation.RequestMappingHandlerMapping]Mapped "{[/helloworld/indexx],methods=[],params=[],headers=[],consumes=[],produces=[],custom=[]}" onto public void org.luojj.controller.HelloWorldController.test()
  [INFO] [2016-04-11 03:25:38][org.springframework.web.servlet.mvc.method.annotation.RequestMappingHandlerMapping]Mapped "{[/helloworld/student/id/{id}/password/{password}],methods=[GET],params=[],headers=[],consumes=[],produces=[],custom=[]}" onto public org.luojj.model.Student org.luojj.controller.HelloWorldController.toIndex(java.lang.String,java.lang.String)
  [INFO] [2016-04-11 03:25:38][org.springframework.web.servlet.mvc.method.annotation.RequestMappingHandlerMapping]Mapped "{[/register/phoneNumber/{phoneNumber}/loginPassword/{loginPassword}],methods=[GET],params=[],headers=[],consumes=[],produces=[],custom=[]}" onto public boolean org.luojj.controller.UserController.register(java.lang.String,java.lang.String)
  [INFO] [2016-04-11 03:25:38][org.springframework.web.servlet.mvc.method.annotation.RequestMappingHandlerMapping]Mapped "{[/login/phoneNumber/{phoneNumber}/loginPassword/{loginPassword}],methods=[GET],params=[],headers=[],consumes=[],produces=[],custom=[]}" onto public org.luojj.model.User org.luojj.controller.UserController.login(java.lang.String,java.lang.String)
  [INFO] [2016-04-11 03:25:40][org.luojj.test.TestMybatis]{"gender":"男","id":1,"name":"张三"}
  [INFO] [2016-04-11 03:25:40][org.luojj.test.TestMybatis]{"loginPassword":"123","phoneNumber":"13800138000","userId":1,"userName":"张三"}
  [INFO] [2016-04-11 03:25:40][org.springframework.context.support.GenericApplicationContext]Closing org.springframework.context.support.GenericApplicationContext@61a243f1: startup date [Mon Apr 11 03:25:37 CST 2016]; root of context hierarchy
  [INFO] [2016-04-11 03:30:55][org.springframework.beans.factory.xml.XmlBeanDefinitionReader]Loading XML bean definitions from URL [file:/C:/Users/lenovo/git/test333/test333/target/classes/spring-mybatis.xml]
  [INFO] [2016-04-11 03:30:55][org.springframework.context.support.GenericApplicationContext]Refreshing org.springframework.context.support.GenericApplicationContext@61a243f1: startup date [Mon Apr 11 03:30:55 CST 2016]; root of context hierarchy
  [INFO] [2016-04-11 03:30:55][org.springframework.beans.factory.config.PropertyPlaceholderConfigurer]Loading properties file from class path resource [jdbc.properties]
  [INFO] [2016-04-11 03:30:55][org.springframework.beans.factory.annotation.AutowiredAnnotationBeanPostProcessor]JSR-330 'javax.inject.Inject' annotation found and supported for autowiring
  [INFO] [2016-04-11 03:30:56][org.springframework.web.servlet.mvc.method.annotation.RequestMappingHandlerMapping]Mapped "{[/helloworld/indexx],methods=[],params=[],headers=[],consumes=[],produces=[],custom=[]}" onto public void org.luojj.controller.HelloWorldController.test()
  [INFO] [2016-04-11 03:30:56][org.springframework.web.servlet.mvc.method.annotation.RequestMappingHandlerMapping]Mapped "{[/helloworld/student/id/{id}/password/{password}],methods=[GET],params=[],headers=[],consumes=[],produces=[],custom=[]}" onto public org.luojj.model.Student org.luojj.controller.HelloWorldController.toIndex(java.lang.String,java.lang.String)
  [INFO] [2016-04-11 03:30:56][org.springframework.web.servlet.mvc.method.annotation.RequestMappingHandlerMapping]Mapped "{[/register/phoneNumber/{phoneNumber}/loginPassword/{loginPassword}],methods=[GET],params=[],headers=[],consumes=[],produces=[],custom=[]}" onto public boolean org.luojj.controller.UserController.register(java.lang.String,java.lang.String)
  [INFO] [2016-04-11 03:30:56][org.springframework.web.servlet.mvc.method.annotation.RequestMappingHandlerMapping]Mapped "{[/login/phoneNumber/{phoneNumber}/loginPassword/{loginPassword}],methods=[GET],params=[],headers=[],consumes=[],produces=[],custom=[]}" onto public org.luojj.model.User org.luojj.controller.UserController.login(java.lang.String,java.lang.String)
  [INFO] [2016-04-11 03:30:58][org.luojj.test.TestMybatis]{"gender":"男","id":1,"name":"张三"}
  [INFO] [2016-04-11 03:30:58][org.luojj.test.TestMybatis]{"loginPassword":"123","phoneNumber":"13800138000","userId":1,"userName":"张三"}
  [INFO] [2016-04-11 03:30:58][org.springframework.context.support.GenericApplicationContext]Closing org.springframework.context.support.GenericApplicationContext@61a243f1: startup date [Mon Apr 11 03:30:55 CST 2016]; root of context hierarchy
  [INFO] [2016-04-11 04:02:37][org.springframework.beans.factory.xml.XmlBeanDefinitionReader]Loading XML bean definitions from URL [file:/C:/Users/lenovo/git/test333/test333/target/classes/spring-mybatis.xml]
  [INFO] [2016-04-11 04:02:37][org.springframework.context.support.GenericApplicationContext]Refreshing org.springframework.context.support.GenericApplicationContext@1574409e: startup date [Mon Apr 11 04:02:37 CST 2016]; root of context hierarchy
  [INFO] [2016-04-11 04:02:38][org.springframework.beans.factory.config.PropertyPlaceholderConfigurer]Loading properties file from class path resource [jdbc.properties]
  [INFO] [2016-04-11 04:02:38][org.springframework.beans.factory.annotation.AutowiredAnnotationBeanPostProcessor]JSR-330 'javax.inject.Inject' annotation found and supported for autowiring
  [INFO] [2016-04-11 04:02:38][org.springframework.web.servlet.mvc.method.annotation.RequestMappingHandlerMapping]Mapped "{[/helloworld/indexx],methods=[],params=[],headers=[],consumes=[],produces=[],custom=[]}" onto public void org.luojj.controller.HelloWorldController.test()
  [INFO] [2016-04-11 04:02:38][org.springframework.web.servlet.mvc.method.annotation.RequestMappingHandlerMapping]Mapped "{[/helloworld/student/id/{id}/password/{password}],methods=[GET],params=[],headers=[],consumes=[],produces=[],custom=[]}" onto public org.luojj.model.Student org.luojj.controller.HelloWorldController.toIndex(java.lang.String,java.lang.String)
  [INFO] [2016-04-11 04:02:38][org.springframework.web.servlet.mvc.method.annotation.RequestMappingHandlerMapping]Mapped "{[/register/phoneNumber/{phoneNumber}/loginPassword/{loginPassword}],methods=[GET],params=[],headers=[],consumes=[],produces=[],custom=[]}" onto public boolean org.luojj.controller.UserController.register(java.lang.String,java.lang.String)
  [INFO] [2016-04-11 04:02:38][org.springframework.web.servlet.mvc.method.annotation.RequestMappingHandlerMapping]Mapped "{[/login/phoneNumber/{phoneNumber}/loginPassword/{loginPassword}],methods=[GET],params=[],headers=[],consumes=[],produces=[],custom=[]}" onto public org.luojj.model.User org.luojj.controller.UserController.login(java.lang.String,java.lang.String)
  [INFO] [2016-04-11 04:02:40][org.luojj.test.TestMybatis]{"gender":"男","id":1,"name":"张三"}
  [INFO] [2016-04-11 04:02:40][org.luojj.test.TestMybatis]{"loginPassword":"123","phoneNumber":"13800138000","userId":1,"userName":"张三"}
  [INFO] [2016-04-11 04:02:40][org.springframework.context.support.GenericApplicationContext]Closing org.springframework.context.support.GenericApplicationContext@1574409e: startup date [Mon Apr 11 04:02:37 CST 2016]; root of context hierarchy
  [INFO] [2016-04-11 04:15:58][org.springframework.beans.factory.xml.XmlBeanDefinitionReader]Loading XML bean definitions from URL [file:/C:/Users/lenovo/git/test333/test333/target/classes/spring-mybatis.xml]
  [INFO] [2016-04-11 04:15:58][org.springframework.context.support.GenericApplicationContext]Refreshing org.springframework.context.support.GenericApplicationContext@1574409e: startup date [Mon Apr 11 04:15:58 CST 2016]; root of context hierarchy
  [INFO] [2016-04-11 04:15:58][org.springframework.beans.factory.config.PropertyPlaceholderConfigurer]Loading properties file from class path resource [jdbc.properties]
  [INFO] [2016-04-11 04:15:58][org.springframework.beans.factory.annotation.AutowiredAnnotationBeanPostProcessor]JSR-330 'javax.inject.Inject' annotation found and supported for autowiring
  [INFO] [2016-04-11 04:15:59][org.springframework.web.servlet.mvc.method.annotation.RequestMappingHandlerMapping]Mapped "{[/helloworld/indexx],methods=[],params=[],headers=[],consumes=[],produces=[],custom=[]}" onto public void org.luojj.controller.HelloWorldController.test()
  [INFO] [2016-04-11 04:15:59][org.springframework.web.servlet.mvc.method.annotation.RequestMappingHandlerMapping]Mapped "{[/helloworld/student/id/{id}/password/{password}],methods=[GET],params=[],headers=[],consumes=[],produces=[],custom=[]}" onto public org.luojj.model.Student org.luojj.controller.HelloWorldController.toIndex(java.lang.String,java.lang.String)
  [INFO] [2016-04-11 04:15:59][org.springframework.web.servlet.mvc.method.annotation.RequestMappingHandlerMapping]Mapped "{[/register/phoneNumber/{phoneNumber}/loginPassword/{loginPassword}],methods=[GET],params=[],headers=[],consumes=[],produces=[],custom=[]}" onto public boolean org.luojj.controller.UserController.register(java.lang.String,java.lang.String)
  [INFO] [2016-04-11 04:15:59][org.springframework.web.servlet.mvc.method.annotation.RequestMappingHandlerMapping]Mapped "{[/login/phoneNumber/{phoneNumber}/loginPassword/{loginPassword}],methods=[GET],params=[],headers=[],consumes=[],produces=[],custom=[]}" onto public org.luojj.model.User org.luojj.controller.UserController.login(java.lang.String,java.lang.String)
  [INFO] [2016-04-11 04:16:01][org.luojj.test.TestMybatis]{"gender":"男","id":1,"name":"张三"}
  [INFO] [2016-04-11 04:16:01][org.luojj.test.TestMybatis]{"loginPassword":"123","phoneNumber":"13800138000","userId":1,"userName":"张三"}
  [INFO] [2016-04-11 04:16:01][org.springframework.context.support.GenericApplicationContext]Closing org.springframework.context.support.GenericApplicationContext@1574409e: startup date [Mon Apr 11 04:15:58 CST 2016]; root of context hierarchy
  